<?xml version="1.0" encoding="UTF-8"?>
<!-- Generated by org.testng.reporters.JUnitReportReporter -->
<testsuite hostname="DESKTOP-BMK3LDR" failures="0" tests="1" name="WebAutomation.ValidateLoginPage" time="17.701" errors="0" timestamp="2025-09-05T12:11:51 IST" skipped="0">
  <testcase classname="WebAutomation.ValidateLoginPage" name="homePage" time="17.701"/>
</testsuite> <!-- WebAutomation.ValidateLoginPage -->
