<?xml version="1.0" encoding="UTF-8"?>
<!-- Generated by org.testng.reporters.JUnitReportReporter -->
<testsuite hostname="LAPTOP-3VQPC64F" failures="0" tests="1" name="WebAutomation.validateHomePage" time="7.928" errors="0" timestamp="2025-09-06T12:34:47 IST" skipped="0">
  <testcase classname="WebAutomation.validateHomePage" name="homePage" time="7.928"/>
</testsuite> <!-- WebAutomation.validateHomePage -->
