<?xml version="1.0" encoding="UTF-8"?>
<!-- Generated by org.testng.reporters.JUnitReportReporter -->
<testsuite hostname="DESKTOP-BMK3LDR" failures="0" tests="1" name="WebAutomation.validateHomePage" time="9.469" errors="0" timestamp="2025-09-02T11:50:47 IST" skipped="0">
  <testcase classname="WebAutomation.validateHomePage" name="homePage" time="9.469"/>
</testsuite> <!-- WebAutomation.validateHomePage -->
