<?xml version="1.0" encoding="UTF-8"?>
<!-- Generated by org.testng.reporters.JUnitReportReporter -->
<testsuite hostname="LAPTOP-3VQPC64F" failures="0" tests="1" name="WebAutomation.validateHomePage" time="8.800" errors="0" timestamp="2025-09-05T11:48:44 IST" skipped="0">
  <testcase classname="WebAutomation.validateHomePage" name="homePage" time="8.800"/>
</testsuite> <!-- WebAutomation.validateHomePage -->
