<?xml version="1.0" encoding="UTF-8"?>
<!-- Generated by org.testng.reporters.JUnitReportReporter -->
<testsuite hostname="DESKTOP-BMK3LDR" failures="0" tests="1" name="WebAutomation.validateHomePage" time="10.556" errors="0" timestamp="2025-09-05T12:03:49 IST" skipped="0">
  <testcase classname="WebAutomation.validateHomePage" name="homePage" time="10.556"/>
</testsuite> <!-- WebAutomation.validateHomePage -->
