<?xml version="1.0" encoding="UTF-8"?>
<!-- Generated by org.testng.reporters.JUnitReportReporter -->
<testsuite hostname="LAPTOP-3VQPC64F" failures="0" tests="1" name="WebAutomation.validateHomePage" time="12.639" errors="0" timestamp="2025-09-05T12:15:31 IST" skipped="0">
  <testcase classname="WebAutomation.validateHomePage" name="homePage" time="12.639"/>
</testsuite> <!-- WebAutomation.validateHomePage -->
