<?xml version="1.0" encoding="UTF-8"?>
<!-- Generated by org.testng.reporters.JUnitReportReporter -->
<testsuite hostname="LAPTOP-3VQPC64F" failures="0" tests="1" name="WebAutomation.ValidateLoginPage" time="12.083" errors="0" timestamp="2025-09-05T11:48:44 IST" skipped="0">
  <testcase classname="WebAutomation.ValidateLoginPage" name="homePage" time="12.083"/>
</testsuite> <!-- WebAutomation.ValidateLoginPage -->
